  [1m[35m (0.5ms)[0m  [1m[35mSET NAMES utf8,  @@SESSION.sql_mode = CONCAT(CONCAT(@@sql_mode, ',STRICT_ALL_TABLES'), ',NO_AUTO_VALUE_ON_ZERO'),  @@SESSION.sql_auto_is_null = 0, @@SESSION.wait_timeout = 2147483[0m
  [1m[35m (15.1ms)[0m  [1m[35mCREATE TABLE `schema_migrations` (`version` varchar(255) NOT NULL PRIMARY KEY) ENGINE=InnoDB[0m
  [1m[35m (8.6ms)[0m  [1m[35mCREATE TABLE `ar_internal_metadata` (`key` varchar(255) NOT NULL PRIMARY KEY, `value` varchar(255), `created_at` datetime NOT NULL, `updated_at` datetime NOT NULL) ENGINE=InnoDB[0m
  [1m[35m (0.2ms)[0m  [1m[34mSELECT GET_LOCK('4605572888021721525', 0)[0m
  [1m[35m (1.1ms)[0m  [1m[34mSELECT `schema_migrations`.`version` FROM `schema_migrations` ORDER BY `schema_migrations`.`version` ASC[0m
Migrating to CreateUsers (20180308114424)
  [1m[35m (10.3ms)[0m  [1m[35mCREATE TABLE `users` (`id` bigint NOT NULL AUTO_INCREMENT PRIMARY KEY, `name` varchar(255), `mobile` varchar(255), `rating` float, `created_at` datetime NOT NULL, `updated_at` datetime NOT NULL) ENGINE=InnoDB[0m
  [1m[35m (0.2ms)[0m  [1m[35mBEGIN[0m
  [1m[35mSQL (0.4ms)[0m  [1m[32mINSERT INTO `schema_migrations` (`version`) VALUES ('20180308114424')[0m
  [1m[35m (0.4ms)[0m  [1m[35mCOMMIT[0m
  [1m[36mActiveRecord::InternalMetadata Load (0.3ms)[0m  [1m[34mSELECT  `ar_internal_metadata`.* FROM `ar_internal_metadata` WHERE `ar_internal_metadata`.`key` = 'environment' LIMIT 1[0m
  [1m[35m (0.2ms)[0m  [1m[35mBEGIN[0m
  [1m[35mSQL (0.7ms)[0m  [1m[32mINSERT INTO `ar_internal_metadata` (`key`, `value`, `created_at`, `updated_at`) VALUES ('environment', 'development', '2018-03-08 11:45:55', '2018-03-08 11:45:55')[0m
  [1m[35m (0.4ms)[0m  [1m[35mCOMMIT[0m
  [1m[35m (0.2ms)[0m  [1m[34mSELECT RELEASE_LOCK('4605572888021721525')[0m
  [1m[35m (0.4ms)[0m  [1m[34mSELECT `schema_migrations`.`version` FROM `schema_migrations` ORDER BY `schema_migrations`.`version` ASC[0m
Started GET "/users" for 127.0.0.1 at 2018-03-08 13:47:59 +0200
  [1m[35m (0.4ms)[0m  [1m[35mSET NAMES utf8,  @@SESSION.sql_mode = CONCAT(CONCAT(@@sql_mode, ',STRICT_ALL_TABLES'), ',NO_AUTO_VALUE_ON_ZERO'),  @@SESSION.sql_auto_is_null = 0, @@SESSION.wait_timeout = 2147483[0m
  [1m[35m (0.4ms)[0m  [1m[34mSELECT `schema_migrations`.`version` FROM `schema_migrations` ORDER BY `schema_migrations`.`version` ASC[0m
Processing by UsersController#index as */*
  Rendering users/index.json.jbuilder
  [1m[36mUser Load (0.3ms)[0m  [1m[34mSELECT `users`.* FROM `users`[0m
  Rendered users/index.json.jbuilder (8.6ms)
Completed 200 OK in 67ms (Views: 34.9ms | ActiveRecord: 2.2ms)


Started POST "/users" for 127.0.0.1 at 2018-03-08 13:50:27 +0200
Processing by UsersController#create as */*
  Parameters: {"users"=>{"name"=>"tarek", "mobile"=>"01000567589"}}
Completed 400 Bad Request in 3ms (ActiveRecord: 0.0ms)


  
ActionController::ParameterMissing (param is missing or the value is empty: user):
  
app/controllers/users_controller.rb:51:in `user_params'
app/controllers/users_controller.rb:18:in `create'
Started POST "/users" for 127.0.0.1 at 2018-03-08 13:50:40 +0200
Processing by UsersController#create as */*
  Parameters: {"user"=>{"name"=>"tarek", "mobile"=>"01000567589"}}
  [1m[35m (0.2ms)[0m  [1m[35mBEGIN[0m
  [1m[35m (0.1ms)[0m  [1m[31mROLLBACK[0m
Completed 500 Internal Server Error in 29ms (ActiveRecord: 4.6ms)


  
NoMethodError (undefined method `phone' for #<User:0x00007f8286c4f6c0>):
  
app/controllers/users_controller.rb:20:in `create'
Started POST "/users" for 127.0.0.1 at 2018-03-08 13:51:31 +0200
Processing by UsersController#create as */*
  Parameters: {"user"=>{"name"=>"tarek", "mobile"=>"01000567589"}}
  [1m[35m (0.4ms)[0m  [1m[35mBEGIN[0m
  [1m[35mSQL (0.9ms)[0m  [1m[32mINSERT INTO `users` (`name`, `mobile`, `created_at`, `updated_at`) VALUES ('tarek', '01000567589', '2018-03-08 11:51:31', '2018-03-08 11:51:31')[0m
  [1m[35m (1.1ms)[0m  [1m[35mCOMMIT[0m
  Rendering users/show.json.jbuilder
  Rendered users/_user.json.jbuilder (0.8ms)
  Rendered users/show.json.jbuilder (10.9ms)
Completed 201 Created in 58ms (Views: 40.8ms | ActiveRecord: 4.9ms)


Started GET "/users/1" for 127.0.0.1 at 2018-03-08 13:52:51 +0200
Processing by UsersController#show as */*
  Parameters: {"id"=>"1", "user"=>{}}
  [1m[36mUser Load (0.5ms)[0m  [1m[34mSELECT  `users`.* FROM `users` WHERE `users`.`id` = 1 LIMIT 1[0m
  Rendering users/show.json.jbuilder
  Rendered users/_user.json.jbuilder (0.7ms)
  Rendered users/show.json.jbuilder (7.9ms)
Completed 200 OK in 59ms (Views: 31.4ms | ActiveRecord: 0.5ms)


